<?xml version="1.0" encoding="UTF-8"?>
<robot generator="Robot 3.0.2 (Jython 2.7.0 on java1.8.0_251)" generated="20200601 05:51:56.512">
<suite source="C:\exalt project\Booking-a-flight-test\src\main\robot" name="Robot" id="s1">
<suite source="C:\exalt project\Booking-a-flight-test\src\main\robot\BookFlightTestCases.robot" name="BookFlightTestCases" id="s1-s1">
<test name="Book flight" id="s1-s1-t1">
<kw library="bookAFlight.Booking" name="Book A Flight">
<assign>
<var>${result}</var>
</assign>
<msg level="INFO" timestamp="20200601 05:52:26.169">1590979919669	mozrunner::runner	INFO	Running command: "C:\\Program Files (x86)\\Mozilla Firefox\\firefox.exe" "-marionette" "-foreground" "-no-remote" "-profile" "C:\\Users\\LENOVO~1\\AppData\\Local\\Temp\\rust_mozprofilevg0F0G"
1590979920228	addons.webextension.doh-rollout@mozilla.org	WARN	Loading extension 'doh-rollout@mozilla.org': Reading manifest: Invalid extension permission: networkStatus
1590979920831	addons.webextension.screenshots@mozilla.org	WARN	Loading extension 'screenshots@mozilla.org': Reading manifest: Invalid extension permission: mozillaAddons
1590979920831	addons.webextension.screenshots@mozilla.org	WARN	Loading extension 'screenshots@mozilla.org': Reading manifest: Invalid extension permission: telemetry
1590979920832	addons.webextension.screenshots@mozilla.org	WARN	Loading extension 'screenshots@mozilla.org': Reading manifest: Invalid extension permission: resource://pdf.js/
1590979920832	addons.webextension.screenshots@mozilla.org	WARN	Loading extension 'screenshots@mozilla.org': Reading manifest: Invalid extension permission: about:reader*
JavaScript error: resource://gre/modules/XULStore.jsm, line 66: Error: Can't find profile directory.
1590979924148	Marionette	INFO	Listening on port 50425
Jun 01, 2020 5:52:04 AM org.openqa.selenium.remote.ProtocolHandshake createSession
INFO: Detected dialect: W3C
1590979943212	Marionette	INFO	Stopped listening on port 50425

###!!! [Child][RunMessage] Error: Channel closing: too late to send/recv, messages will be lost


###!!! [Child][MessageChannel::SendAndWait] Error: Channel error: cannot send/recv</msg>
<msg level="INFO" timestamp="20200601 05:52:26.180">${result} = Valid</msg>
<status endtime="20200601 05:52:26.192" starttime="20200601 05:51:57.269" status="PASS"></status>
</kw>
<kw library="BuiltIn" name="Should Be Equal">
<doc>Fails if the given objects are unequal.</doc>
<arguments>
<arg>${result}</arg>
<arg>${valid}</arg>
</arguments>
<status endtime="20200601 05:52:26.212" starttime="20200601 05:52:26.199" status="PASS"></status>
</kw>
<doc>Test booking a flight</doc>
<status critical="yes" endtime="20200601 05:52:26.213" starttime="20200601 05:51:57.263" status="PASS"></status>
</test>
<test name="Validate flight finder page" id="s1-s1-t2">
<kw library="bookAFlight.Booking" name="Flight Finder">
<assign>
<var>${result}</var>
</assign>
<msg level="INFO" timestamp="20200601 05:52:41.064">1590979946795	mozrunner::runner	INFO	Running command: "C:\\Program Files (x86)\\Mozilla Firefox\\firefox.exe" "-marionette" "-foreground" "-no-remote" "-profile" "C:\\Users\\LENOVO~1\\AppData\\Local\\Temp\\rust_mozprofile0oJnqV"
1590979947449	addons.webextension.doh-rollout@mozilla.org	WARN	Loading extension 'doh-rollout@mozilla.org': Reading manifest: Invalid extension permission: networkStatus
1590979948134	addons.webextension.screenshots@mozilla.org	WARN	Loading extension 'screenshots@mozilla.org': Reading manifest: Invalid extension permission: mozillaAddons
1590979948134	addons.webextension.screenshots@mozilla.org	WARN	Loading extension 'screenshots@mozilla.org': Reading manifest: Invalid extension permission: telemetry
1590979948134	addons.webextension.screenshots@mozilla.org	WARN	Loading extension 'screenshots@mozilla.org': Reading manifest: Invalid extension permission: resource://pdf.js/
1590979948135	addons.webextension.screenshots@mozilla.org	WARN	Loading extension 'screenshots@mozilla.org': Reading manifest: Invalid extension permission: about:reader*
JavaScript error: resource://gre/modules/XULStore.jsm, line 66: Error: Can't find profile directory.
1590979950853	Marionette	INFO	Listening on port 50489
1590979959081	Marionette	INFO	Stopped listening on port 50489

###!!! [Child][RunMessage] Error: Channel closing: too late to send/recv, messages will be lost


###!!! [Child][MessageChannel::SendAndWait] Error: Channel error: cannot send/recv</msg>
<msg level="INFO" timestamp="20200601 05:52:41.070">${result} = Valid</msg>
<status endtime="20200601 05:52:41.071" starttime="20200601 05:52:26.242" status="PASS"></status>
</kw>
<kw library="BuiltIn" name="Should Be Equal">
<doc>Fails if the given objects are unequal.</doc>
<arguments>
<arg>${result}</arg>
<arg>${valid}</arg>
</arguments>
<status endtime="20200601 05:52:41.087" starttime="20200601 05:52:41.073" status="PASS"></status>
</kw>
<doc>Check data in flight page</doc>
<status critical="yes" endtime="20200601 05:52:41.090" starttime="20200601 05:52:26.228" status="PASS"></status>
</test>
<test name="Verify flight data" id="s1-s1-t3">
<kw library="bookAFlight.Booking" name="Verify Flight Data">
<assign>
<var>${result}</var>
</assign>
<msg level="INFO" timestamp="20200601 05:53:06.126">1590979961658	mozrunner::runner	INFO	Running command: "C:\\Program Files (x86)\\Mozilla Firefox\\firefox.exe" "-marionette" "-foreground" "-no-remote" "-profile" "C:\\Users\\LENOVO~1\\AppData\\Local\\Temp\\rust_mozprofiletpiEMI"
1590979962173	addons.webextension.doh-rollout@mozilla.org	WARN	Loading extension 'doh-rollout@mozilla.org': Reading manifest: Invalid extension permission: networkStatus
1590979962736	addons.webextension.screenshots@mozilla.org	WARN	Loading extension 'screenshots@mozilla.org': Reading manifest: Invalid extension permission: mozillaAddons
1590979962736	addons.webextension.screenshots@mozilla.org	WARN	Loading extension 'screenshots@mozilla.org': Reading manifest: Invalid extension permission: telemetry
1590979962736	addons.webextension.screenshots@mozilla.org	WARN	Loading extension 'screenshots@mozilla.org': Reading manifest: Invalid extension permission: resource://pdf.js/
1590979962736	addons.webextension.screenshots@mozilla.org	WARN	Loading extension 'screenshots@mozilla.org': Reading manifest: Invalid extension permission: about:reader*
JavaScript error: resource://gre/modules/XULStore.jsm, line 66: Error: Can't find profile directory.
1590979965226	Marionette	INFO	Listening on port 50537
1590979984279	Marionette	INFO	Stopped listening on port 50537

###!!! [Child][RunMessage] Error: Channel closing: too late to send/recv, messages will be lost


###!!! [Child][MessageChannel::SendAndWait] Error: Channel error: cannot send/recv</msg>
<msg level="INFO" timestamp="20200601 05:53:06.130">${result} = Valid</msg>
<status endtime="20200601 05:53:06.131" starttime="20200601 05:52:41.106" status="PASS"></status>
</kw>
<kw library="BuiltIn" name="Should Be Equal">
<doc>Fails if the given objects are unequal.</doc>
<arguments>
<arg>${result}</arg>
<arg>${valid}</arg>
</arguments>
<status endtime="20200601 05:53:06.144" starttime="20200601 05:53:06.133" status="PASS"></status>
</kw>
<doc>Match data selected and flight data</doc>
<status critical="yes" endtime="20200601 05:53:06.148" starttime="20200601 05:52:41.098" status="PASS"></status>
</test>
<status endtime="20200601 05:53:06.166" starttime="20200601 05:51:56.931" status="PASS"></status>
</suite>
<suite source="C:\exalt project\Booking-a-flight-test\src\main\robot\LoginTestCases.robot" name="LoginTestCases" id="s1-s2">
<test name="Valid login" id="s1-s2-t1">
<kw library="bookAFlight.Login" name="Valid Login">
<assign>
<var>${result}</var>
</assign>
<msg level="INFO" timestamp="20200601 05:53:21.411">1590979986818	mozrunner::runner	INFO	Running command: "C:\\Program Files (x86)\\Mozilla Firefox\\firefox.exe" "-marionette" "-foreground" "-no-remote" "-profile" "C:\\Users\\LENOVO~1\\AppData\\Local\\Temp\\rust_mozprofilelRmNoW"
1590979987412	addons.webextension.doh-rollout@mozilla.org	WARN	Loading extension 'doh-rollout@mozilla.org': Reading manifest: Invalid extension permission: networkStatus
1590979988016	addons.webextension.screenshots@mozilla.org	WARN	Loading extension 'screenshots@mozilla.org': Reading manifest: Invalid extension permission: mozillaAddons
1590979988016	addons.webextension.screenshots@mozilla.org	WARN	Loading extension 'screenshots@mozilla.org': Reading manifest: Invalid extension permission: telemetry
1590979988016	addons.webextension.screenshots@mozilla.org	WARN	Loading extension 'screenshots@mozilla.org': Reading manifest: Invalid extension permission: resource://pdf.js/
1590979988016	addons.webextension.screenshots@mozilla.org	WARN	Loading extension 'screenshots@mozilla.org': Reading manifest: Invalid extension permission: about:reader*
JavaScript error: resource://gre/modules/XULStore.jsm, line 66: Error: Can't find profile directory.
1590979990606	Marionette	INFO	Listening on port 50589
1590979999668	Marionette	INFO	Stopped listening on port 50589

###!!! [Child][RunMessage] Error: Channel closing: too late to send/recv, messages will be lost


###!!! [Child][MessageChannel::SendAndWait] Error: Channel error: cannot send/recv</msg>
<msg level="INFO" timestamp="20200601 05:53:21.420">${result} = Valid</msg>
<status endtime="20200601 05:53:21.421" starttime="20200601 05:53:06.278" status="PASS"></status>
</kw>
<kw library="BuiltIn" name="Should Be Equal">
<doc>Fails if the given objects are unequal.</doc>
<arguments>
<arg>${result}</arg>
<arg>${valid}</arg>
</arguments>
<status endtime="20200601 05:53:21.428" starttime="20200601 05:53:21.422" status="PASS"></status>
</kw>
<doc>Test valid login</doc>
<status critical="yes" endtime="20200601 05:53:21.431" starttime="20200601 05:53:06.261" status="PASS"></status>
</test>
<test name="Invalid login" id="s1-s2-t2">
<kw library="bookAFlight.Login" name="Invalid Login">
<assign>
<var>${result}</var>
</assign>
<msg level="INFO" timestamp="20200601 05:53:35.465">1590980001983	mozrunner::runner	INFO	Running command: "C:\\Program Files (x86)\\Mozilla Firefox\\firefox.exe" "-marionette" "-foreground" "-no-remote" "-profile" "C:\\Users\\LENOVO~1\\AppData\\Local\\Temp\\rust_mozprofilecSoZ99"
1590980002568	addons.webextension.doh-rollout@mozilla.org	WARN	Loading extension 'doh-rollout@mozilla.org': Reading manifest: Invalid extension permission: networkStatus
1590980003189	addons.webextension.screenshots@mozilla.org	WARN	Loading extension 'screenshots@mozilla.org': Reading manifest: Invalid extension permission: mozillaAddons
1590980003189	addons.webextension.screenshots@mozilla.org	WARN	Loading extension 'screenshots@mozilla.org': Reading manifest: Invalid extension permission: telemetry
1590980003189	addons.webextension.screenshots@mozilla.org	WARN	Loading extension 'screenshots@mozilla.org': Reading manifest: Invalid extension permission: resource://pdf.js/
1590980003189	addons.webextension.screenshots@mozilla.org	WARN	Loading extension 'screenshots@mozilla.org': Reading manifest: Invalid extension permission: about:reader*
JavaScript error: resource://gre/modules/XULStore.jsm, line 66: Error: Can't find profile directory.
1590980005699	Marionette	INFO	Listening on port 50741
1590980013628	Marionette	INFO	Stopped listening on port 50741

###!!! [Child][RunMessage] Error: Channel closing: too late to send/recv, messages will be lost


###!!! [Child][MessageChannel::SendAndWait] Error: Channel error: cannot send/recv</msg>
<msg level="INFO" timestamp="20200601 05:53:35.472">${result} = Valid</msg>
<status endtime="20200601 05:53:35.472" starttime="20200601 05:53:21.437" status="PASS"></status>
</kw>
<kw library="BuiltIn" name="Should Be Equal">
<doc>Fails if the given objects are unequal.</doc>
<arguments>
<arg>${result}</arg>
<arg>${valid}</arg>
</arguments>
<status endtime="20200601 05:53:35.478" starttime="20200601 05:53:35.474" status="PASS"></status>
</kw>
<doc>Test invalid login</doc>
<status critical="yes" endtime="20200601 05:53:35.480" starttime="20200601 05:53:21.434" status="PASS"></status>
</test>
<status endtime="20200601 05:53:35.495" starttime="20200601 05:53:06.196" status="PASS"></status>
</suite>
<status endtime="20200601 05:53:35.541" starttime="20200601 05:51:56.530" status="PASS"></status>
</suite>
<statistics>
<total>
<stat pass="5" fail="0">Critical Tests</stat>
<stat pass="5" fail="0">All Tests</stat>
</total>
<tag>
</tag>
<suite>
<stat pass="5" fail="0" name="Robot" id="s1">Robot</stat>
<stat pass="3" fail="0" name="BookFlightTestCases" id="s1-s1">Robot.BookFlightTestCases</stat>
<stat pass="2" fail="0" name="LoginTestCases" id="s1-s2">Robot.LoginTestCases</stat>
</suite>
</statistics>
<errors>
</errors>
</robot>
